<?xml version="1.0" encoding="UTF-8"?>
<!-- Generated by org.testng.reporters.JUnitXMLReporter -->
<testsuite ignored="0" hostname="DESKTOP-HDR5F53" failures="0" tests="1" name="Test" time="0.259" errors="0" timestamp="2025-03-21T09:57:01 IST">
  <testcase classname="automationcore.Base" name="@BeforeMethod initiatiseBrower" time="-1.742531221399E9">
    <failure type="org.testng.TestNGException" message="
Parameter &amp;apos;browser&amp;apos; is required by BeforeMethod on method initiatiseBrower but has not been marked @Optional or defined
in C:\Users\Lenovo\eclipse-workspace\MainProject7rMart\testng.xml">
      <![CDATA[org.testng.TestNGException: 
Parameter 'browser' is required by BeforeMethod on method initiatiseBrower but has not been marked @Optional or defined
in C:\Users\Lenovo\eclipse-workspace\MainProject7rMart\testng.xml
at java.base/java.util.ArrayList.forEach(ArrayList.java:1597)
... Removed 28 stack frames]]>
    </failure>
  </testcase> <!-- @BeforeMethod initiatiseBrower -->
  <testcase classname="automationcore.Base" name="@AfterMethod driverQuit" time="0.01">
    <failure type="java.lang.NullPointerException" message="Cannot invoke &amp;quot;org.openqa.selenium.WebDriver.quit()&amp;quot; because &amp;quot;this.driver&amp;quot; is null">
      <![CDATA[java.lang.NullPointerException: Cannot invoke "org.openqa.selenium.WebDriver.quit()" because "this.driver" is null
at automationcore.Base.driverQuit(Base.java:78)
at java.base/java.util.ArrayList.forEach(ArrayList.java:1597)
... Removed 30 stack frames]]>
    </failure>
  </testcase> <!-- @AfterMethod driverQuit -->
  <testcase classname="testscript.HomeTest" name="verifySuccessfullyUserCanLogoutFromHomePage" time="0.0">
    <skipped/>
  </testcase> <!-- verifySuccessfullyUserCanLogoutFromHomePage -->
</testsuite> <!-- Test -->
